1524193665.812059 client started (57181): version 2.7, socket /private/tmp/tmux-655627281/default, protocol 8
1524193665.812120 on Darwin 17.5.0 Darwin Kernel Version 17.5.0: Mon Mar  5 22:24:32 PST 2018; root:xnu-4570.51.1~1/RELEASE_X86_64; libevent 2.1.8-stable (select)
1524193665.812174 socket is /private/tmp/tmux-655627281/default
1524193665.812200 trying connect
1524193665.812324 add peer 0x7ff57a010000: 6 (0x0)
1524193665.815323 sending message 100 to peer 0x7ff57a010000 (4 bytes)
1524193665.815352 sending message 101 to peer 0x7ff57a010000 (15 bytes)
1524193665.815364 sending message 102 to peer 0x7ff57a010000 (13 bytes)
1524193665.815373 sending message 108 to peer 0x7ff57a010000 (48 bytes)
1524193665.815394 sending message 104 to peer 0x7ff57a010000 (0 bytes)
1524193665.815404 sending message 107 to peer 0x7ff57a010000 (4 bytes)
1524193665.815413 sending message 105 to peer 0x7ff57a010000 (76 bytes)
1524193665.815422 sending message 105 to peer 0x7ff57a010000 (15 bytes)
1524193665.815430 sending message 105 to peer 0x7ff57a010000 (20 bytes)
1524193665.815439 sending message 105 to peer 0x7ff57a010000 (22 bytes)
1524193665.815448 sending message 105 to peer 0x7ff57a010000 (25 bytes)
1524193665.815457 sending message 105 to peer 0x7ff57a010000 (20 bytes)
1524193665.815465 sending message 105 to peer 0x7ff57a010000 (22 bytes)
1524193665.815474 sending message 105 to peer 0x7ff57a010000 (61 bytes)
1524193665.815483 sending message 105 to peer 0x7ff57a010000 (50 bytes)
1524193665.815492 sending message 105 to peer 0x7ff57a010000 (21 bytes)
1524193665.815500 sending message 105 to peer 0x7ff57a010000 (8 bytes)
1524193665.815509 sending message 105 to peer 0x7ff57a010000 (16 bytes)
1524193665.815518 sending message 105 to peer 0x7ff57a010000 (32 bytes)
1524193665.815527 sending message 105 to peer 0x7ff57a010000 (59 bytes)
1524193665.815535 sending message 105 to peer 0x7ff57a010000 (16 bytes)
1524193665.815544 sending message 105 to peer 0x7ff57a010000 (28 bytes)
1524193665.815553 sending message 105 to peer 0x7ff57a010000 (55 bytes)
1524193665.815561 sending message 105 to peer 0x7ff57a010000 (11 bytes)
1524193665.815570 sending message 105 to peer 0x7ff57a010000 (223 bytes)
1524193665.815579 sending message 105 to peer 0x7ff57a010000 (22 bytes)
1524193665.815588 sending message 105 to peer 0x7ff57a010000 (52 bytes)
1524193665.815596 sending message 105 to peer 0x7ff57a010000 (30 bytes)
1524193665.815605 sending message 105 to peer 0x7ff57a010000 (36 bytes)
1524193665.815614 sending message 105 to peer 0x7ff57a010000 (58 bytes)
1524193665.815622 sending message 105 to peer 0x7ff57a010000 (24 bytes)
1524193665.815631 sending message 105 to peer 0x7ff57a010000 (25 bytes)
1524193665.815640 sending message 105 to peer 0x7ff57a010000 (15 bytes)
1524193665.815648 sending message 105 to peer 0x7ff57a010000 (8 bytes)
1524193665.815657 sending message 105 to peer 0x7ff57a010000 (66 bytes)
1524193665.815666 sending message 105 to peer 0x7ff57a010000 (20 bytes)
1524193665.815674 sending message 105 to peer 0x7ff57a010000 (23 bytes)
1524193665.815683 sending message 105 to peer 0x7ff57a010000 (27 bytes)
1524193665.815692 sending message 105 to peer 0x7ff57a010000 (60 bytes)
1524193665.815700 sending message 105 to peer 0x7ff57a010000 (57 bytes)
1524193665.815709 sending message 105 to peer 0x7ff57a010000 (49 bytes)
1524193665.815718 sending message 105 to peer 0x7ff57a010000 (13 bytes)
1524193665.815726 sending message 105 to peer 0x7ff57a010000 (13 bytes)
1524193665.815735 sending message 105 to peer 0x7ff57a010000 (14 bytes)
1524193665.815744 sending message 105 to peer 0x7ff57a010000 (19 bytes)
1524193665.815753 sending message 105 to peer 0x7ff57a010000 (30 bytes)
1524193665.815762 sending message 105 to peer 0x7ff57a010000 (43 bytes)
1524193665.815770 sending message 105 to peer 0x7ff57a010000 (22 bytes)
1524193665.815779 sending message 106 to peer 0x7ff57a010000 (0 bytes)
1524193665.815793 sending message 200 to peer 0x7ff57a010000 (4 bytes)
1524193665.815802 client loop enter
1524193665.816182 peer 0x7ff57a010000 message 211
1524193665.816237 client_write: sessions should be nested with care, unset $TMUX to force\n
1524193665.816268 peer 0x7ff57a010000 message 203
1524193665.816279 client loop exit
